<?xml version="1.0" encoding="UTF-8"?>
<!-- Generated by org.testng.reporters.JUnitReportReporter -->
<testsuite skipped="0" hostname="IMSNASDTO00382" name="mcom.writer.selenium.User_Settings" tests="1" failures="0" timestamp="2023-05-24T17:27:32 IST" time="13.528" errors="0">
  <testcase name="basePageNavigation" time="13.528" classname="mcom.writer.selenium.User_Settings"/>
  <system-out/>
</testsuite> <!-- mcom.writer.selenium.User_Settings -->
