<?xml version="1.0" encoding="UTF-8"?>
<!-- Generated by org.testng.reporters.JUnitReportReporter -->
<testsuite skipped="0" hostname="IMSNASDTO00382" name="mcom.writer.selenium.Config" tests="1" failures="0" timestamp="2023-05-24T17:27:32 IST" time="52.515" errors="0">
  <testcase name="basePageNavigation" time="52.515" classname="mcom.writer.selenium.Config"/>
  <system-out/>
</testsuite> <!-- mcom.writer.selenium.Config -->
