<?xml version="1.0" encoding="UTF-8"?>
<!-- Generated by org.testng.reporters.JUnitReportReporter -->
<testsuite skipped="0" hostname="IMSNASDTO00382" name="mcom.writer.selenium.Login" tests="1" failures="0" timestamp="2023-05-24T17:27:32 IST" time="8.410" errors="0">
  <testcase name="basePageNavigation" time="8.410" classname="mcom.writer.selenium.Login"/>
  <system-out/>
</testsuite> <!-- mcom.writer.selenium.Login -->
