<?xml version="1.0" encoding="UTF-8"?>
<!-- Generated by org.testng.reporters.JUnitReportReporter -->
<testsuite skipped="0" hostname="IMSNASDTO00382" name="com.cases.userpreference.RemoveFileFavoriteListFunctionality" tests="1" failures="0" timestamp="10 Jun 2023 06:45:21 GMT" time="28.783" errors="0">
  <testcase name="basePageNavigation" time="28.783" classname="com.cases.userpreference.RemoveFileFavoriteListFunctionality"/>
</testsuite> <!-- com.cases.userpreference.RemoveFileFavoriteListFunctionality -->
