<?xml version="1.0" encoding="UTF-8"?>
<!-- Generated by org.testng.reporters.JUnitReportReporter -->
<testsuite skipped="0" hostname="IMSNASDTO00382" name="com.cases.userpreference.RefreshIconFunctionality" tests="1" failures="0" timestamp="10 Jun 2023 06:45:21 GMT" time="13.566" errors="0">
  <testcase name="basePageNavigation" time="13.566" classname="com.cases.userpreference.RefreshIconFunctionality"/>
</testsuite> <!-- com.cases.userpreference.RefreshIconFunctionality -->
