<?xml version="1.0" encoding="UTF-8"?>
<!-- Generated by org.testng.reporters.JUnitReportReporter -->
<testsuite skipped="0" hostname="IMSNASDTO00382" name="com.cases.userProfile.DMSFeatureDocumentUpload" tests="1" failures="0" timestamp="08 Jun 2023 12:01:48 GMT" time="89.938" errors="0">
  <testcase name="DMSFeatureDocumentUploadNavigation" time="89.938" classname="com.cases.userProfile.DMSFeatureDocumentUpload"/>
</testsuite> <!-- com.cases.userProfile.DMSFeatureDocumentUpload -->
