<?xml version="1.0" encoding="UTF-8"?>
<!-- Generated by org.testng.reporters.JUnitReportReporter -->
<testsuite skipped="0" hostname="IMSNASDTO00382" name="com.cases.userProfile.ChangePassword" tests="1" failures="0" timestamp="10 Jun 2023 06:45:21 GMT" time="48.278" errors="0">
  <testcase name="ChangePasswordFunctionality" time="48.278" classname="com.cases.userProfile.ChangePassword"/>
</testsuite> <!-- com.cases.userProfile.ChangePassword -->
