<?xml version="1.0" encoding="UTF-8"?>
<!-- Generated by org.testng.reporters.JUnitReportReporter -->
<testsuite skipped="0" hostname="IMSNASDTO00382" name="com.cases.userpreference.ViewingFavoriteListFunctionality" tests="1" failures="0" timestamp="10 Jun 2023 06:45:21 GMT" time="14.070" errors="0">
  <testcase name="basePageNavigation" time="14.070" classname="com.cases.userpreference.ViewingFavoriteListFunctionality"/>
</testsuite> <!-- com.cases.userpreference.ViewingFavoriteListFunctionality -->
