<?xml version="1.0" encoding="UTF-8"?>
<!-- Generated by org.testng.reporters.JUnitReportReporter -->
<testsuite skipped="0" hostname="IMSNASDTO00382" name="com.cases.userProfile.UserProfileFunctionality" tests="1" failures="0" timestamp="10 Jun 2023 06:45:21 GMT" time="17.261" errors="0">
  <testcase name="UserProfileFunctionalityNavigation" time="17.261" classname="com.cases.userProfile.UserProfileFunctionality"/>
</testsuite> <!-- com.cases.userProfile.UserProfileFunctionality -->
